Tue Jan 13 19:53:01 UTC 2026
$PROBLEM Base one-compartment oral absorption model created from pharos see run003b1_metadata.json for details.

$INPUT ID TIME EVID AMT CMT DV MDV WT SEX

$DATA /data/user-homes/matthews/Packages/hyperion/vignettes/test_data/data/derived/onecmpt-oral-30ind-cov.csv IGNORE=@

$SUBROUTINES ADVAN2 TRANS2

$PK
; Typical values
TVCL = THETA(1)
WTonCL = THETA(2)
TVV  = THETA(3)
TVKA = THETA(4)

; Individual parameters
CL = TVCL * EXP(ETA(1)) * (WT / 70) ** WTonCL
V  = TVV  * EXP(ETA(2))
KA = TVKA * EXP(ETA(3))

; NONMEM scaling
S2 = V

$ERROR
; Proportional + additive error model (matches mrgsolve)
IPRED = F
Y = IPRED * (1 + EPS(1)) + EPS(2)

$THETA
(0, 1.768615)     ;TVCL (L/hr)
(0.5, 5)           ;WT-on-CL ()
(0, 34.80303)    ;TVV (L)
(0, 0.939213)     ;TVKA (1/hr)

$OMEGA BLOCK(2)
0.103       ;OM1 TVCL :EXP
0.00009    ;OM1,2 TVCL:TVV :EXP
0.109       ;OM2 TVV :EXP
$OMEGA
0.099       ;OM3 TVKA :EXP

$SIGMA
0.03464956    ;SIG1 Proportional error (variance, 20% CV)
0.00602      ;SIG2 Additive error (variance, 0.01 mg/L SD)


$ESTIMATION METHOD=1 INTERACTION MAXEVAL=9999 PRINT=5 MSFO=run003b1.msf
$COV PRINT=E MATRIX = R

$TABLE ID TIME DV PRED IPRED CWRES NPDE NOAPPEND NOPRINT ONEHEADER FILE=run003b1.tab
$TABLE ID CL V KA ETAS(1:LAST) NOAPPEND NOPRINT ONEHEADER FIRSTONLY FILE=run003b1par.tab

NM-TRAN MESSAGES
  
 WARNINGS AND ERRORS (IF ANY) FOR PROBLEM    1
             
 (WARNING  2) NM-TRAN INFERS THAT THE DATA ARE POPULATION.

 LIM VALUES MAXLIM ASSESSED BY NMTRAN: 1,2,3,4,5,6,7,8,10,11,13,15,16        
  
Note: Analytical 2nd Derivatives are constructed in FSUBS but are never used.
      You may insert $ABBR DERIV2=NO after the first $PROB to save FSUBS construction and compilation time
  

License Registered to: A2 Ai LLC
Expiration Date:    14 FEB 2026
Current Date:       13 JAN 2026
Days until program expires :  31
1NONLINEAR MIXED EFFECTS MODEL PROGRAM (NONMEM) VERSION 7.6.0 (nm760)
 ORIGINALLY DEVELOPED BY STUART BEAL, LEWIS SHEINER, AND ALISON BOECKMANN
 CURRENT DEVELOPERS ARE ROBERT BAUER, ICON DEVELOPMENT SOLUTIONS,
 AND ALISON BOECKMANN. IMPLEMENTATION, EFFICIENCY, AND STANDARDIZATION
 PERFORMED BY NOUS INFOSYSTEMS.

 PROBLEM NO.:         1
 Base one-compartment oral absorption model created from pharos see run00
0DATA CHECKOUT RUN:              NO
 DATA SET LOCATED ON UNIT NO.:    2
 THIS UNIT TO BE REWOUND:        NO
 CREATE/ADD TO FDATA.csv:        YES
 NO. OF DATA RECS IN DATA SET:      240
 NO. OF DATA ITEMS IN DATA SET:   9
 ID DATA ITEM IS DATA ITEM NO.:   1
 DEP VARIABLE IS DATA ITEM NO.:   6
 MDV DATA ITEM IS DATA ITEM NO.:  7
0INDICES PASSED TO SUBROUTINE PRED:
   3   2   4   0   0   0   5   0   0   0   0
0LABELS FOR DATA ITEMS:
 ID TIME EVID AMT CMT DV MDV WT SEX
0(NONBLANK) LABELS FOR PRED-DEFINED ITEMS:
 CL V KA IPRED
0FORMAT FOR DATA:
 (E3.0,E4.0,E2.0,E4.0,E2.0,E5.0,E2.0,E19.0,E2.0)

 TOT. NO. OF OBS RECS:      210
 TOT. NO. OF INDIVIDUALS:       30
0LENGTH OF THETA:   4
0DEFAULT THETA BOUNDARY TEST OMITTED:    NO
0OMEGA HAS BLOCK FORM:
  1
  1  1
  0  0  2
0DEFAULT OMEGA BOUNDARY TEST OMITTED:    NO
0SIGMA HAS SIMPLE DIAGONAL FORM WITH DIMENSION:   2
0DEFAULT SIGMA BOUNDARY TEST OMITTED:    NO
0INITIAL ESTIMATE OF THETA:
 LOWER BOUND    INITIAL EST    UPPER BOUND
  0.0000E+00     0.1769E+01     0.1000E+07
  0.5000E+00     0.5000E+01     0.1000E+07
  0.0000E+00     0.3480E+02     0.1000E+07
  0.0000E+00     0.9392E+00     0.1000E+07
0INITIAL ESTIMATE OF OMEGA:
 BLOCK SET NO.   BLOCK                                                                    FIXED
        1                                                                                   NO
                  0.1030E+00
                  0.9000E-04   0.1090E+00
        2                                                                                   NO
                  0.9900E-01
0INITIAL ESTIMATE OF SIGMA:
 0.3465E-01
 0.0000E+00   0.6020E-02
0COVARIANCE STEP OMITTED:        NO
 R MATRIX SUBSTITUTED:          YES
 S MATRIX SUBSTITUTED:           NO
 EIGENVLS. PRINTED:             YES
 COMPRESSED FORMAT:              NO
 GRADIENT METHOD USED:     NOSLOW
 SIGDIGITS ETAHAT (SIGLO):                  -1
 SIGDIGITS GRADIENTS (SIGL):                -1
 EXCLUDE COV FOR FOCE (NOFCOV):              NO
 Cholesky Transposition of R Matrix (CHOLROFF):0
 KNUTHSUMOFF:                                -1
 RESUME COV ANALYSIS (RESUME):               NO
 SIR SAMPLE SIZE (SIRSAMPLE):
 NON-LINEARLY TRANSFORM THETAS DURING COV (THBND): 1
 PRECONDTIONING CYCLES (PRECOND):        0
 PRECONDTIONING TYPES (PRECONDS):        TOS
 FORCED PRECONDTIONING CYCLES (PFCOND):0
 PRECONDTIONING TYPE (PRETYPE):        0
 FORCED POS. DEFINITE SETTING DURING PRECONDITIONING: (FPOSDEF):0
 SIMPLE POS. DEFINITE SETTING: (POSDEF):-1
0TABLES STEP OMITTED:    NO
 NO. OF TABLES:           2
 SEED NUMBER (SEED):    11456
 NPDTYPE:    0
 INTERPTYPE:    0
 RANMETHOD:             3U
 MC SAMPLES (ESAMPLE):    300
 WRES SQUARE ROOT TYPE (WRESCHOL): EIGENVALUE
0-- TABLE   1 --
0RECORDS ONLY:    ALL
04 COLUMNS APPENDED:    NO
 PRINTED:                NO
 HEADER:                YES
 FILE TO BE FORWARDED:   NO
 FORMAT:                S1PE11.4
 IDFORMAT:
 LFORMAT:
 RFORMAT:
 FIXED_EFFECT_ETAS:
0USER-CHOSEN ITEMS:
 ID TIME DV PRED IPRED CWRES NPDE
0-- TABLE   2 --
0RECORDS ONLY:    FIRSTONLY
04 COLUMNS APPENDED:    NO
 PRINTED:                NO
 HEADER:                YES
 FILE TO BE FORWARDED:   NO
 FORMAT:                S1PE11.4
 IDFORMAT:
 LFORMAT:
 RFORMAT:
 FIXED_EFFECT_ETAS:
0USER-CHOSEN ITEMS:
 ID CL V KA ETA1 ETA2 ETA3
1DOUBLE PRECISION PREDPP VERSION 7.6.0 (nm760)

 ONE COMPARTMENT MODEL WITH FIRST-ORDER ABSORPTION (ADVAN2)
0MAXIMUM NO. OF BASIC PK PARAMETERS:   3
0BASIC PK PARAMETERS (AFTER TRANSLATION):
   ELIMINATION RATE (K) IS BASIC PK PARAMETER NO.:  1
   ABSORPTION RATE (KA) IS BASIC PK PARAMETER NO.:  3

 TRANSLATOR WILL CONVERT PARAMETERS
 CLEARANCE (CL) AND VOLUME (V) TO K (TRANS2)
0COMPARTMENT ATTRIBUTES
 COMPT. NO.   FUNCTION   INITIAL    ON/OFF      DOSE      DEFAULT    DEFAULT
                         STATUS     ALLOWED    ALLOWED    FOR DOSE   FOR OBS.
    1         DEPOT        OFF        YES        YES        YES        NO
    2         CENTRAL      ON         NO         YES        NO         YES
    3         OUTPUT       OFF        YES        NO         NO         NO
1
 ADDITIONAL PK PARAMETERS - ASSIGNMENT OF ROWS IN GG
 COMPT. NO.                             INDICES
              SCALE      BIOAVAIL.   ZERO-ORDER  ZERO-ORDER  ABSORB
                         FRACTION    RATE        DURATION    LAG
    1            *           *           *           *           *
    2            4           *           *           *           *
    3            *           -           -           -           -
             - PARAMETER IS NOT ALLOWED FOR THIS MODEL
             * PARAMETER IS NOT SUPPLIED BY PK SUBROUTINE;
               WILL DEFAULT TO ONE IF APPLICABLE
0DATA ITEM INDICES USED BY PRED ARE:
   EVENT ID DATA ITEM IS DATA ITEM NO.:      3
   TIME DATA ITEM IS DATA ITEM NO.:          2
   DOSE AMOUNT DATA ITEM IS DATA ITEM NO.:   4
   COMPT. NO. DATA ITEM IS DATA ITEM NO.:    5

0PK SUBROUTINE CALLED WITH EVERY EVENT RECORD.
 PK SUBROUTINE NOT CALLED AT NONEVENT (ADDITIONAL OR LAGGED) DOSE TIMES.
0ERROR SUBROUTINE CALLED WITH EVERY EVENT RECORD.
1


 #TBLN:      1
 #METH: First Order Conditional Estimation with Interaction

 ESTIMATION STEP OMITTED:                 NO
 SHRINK INFO WITH EVALUATION (EVALSHRINK) NO
 ANALYSIS TYPE:                           POPULATION
 NUMBER OF SADDLE POINT RESET ITERATIONS:      0
 GRADIENT METHOD USED:               NOSLOW
 CONDITIONAL ESTIMATES USED:              YES
 CENTERED ETA:                            NO
 EPS-ETA INTERACTION:                     YES
 LAPLACIAN OBJ. FUNC.:                    NO
 NO. OF FUNCT. EVALS. ALLOWED:            9999
 NO. OF SIG. FIGURES REQUIRED:            3
 INTERMEDIATE PRINTOUT:                   YES
 ESTIMATE OUTPUT TO MSF:                  YES
 IND. OBJ. FUNC. VALUES SORTED:           NO
 NUMERICAL DERIVATIVE
       FILE REQUEST (NUMDER):               NONE
 MAP (ETAHAT) ESTIMATION METHOD (OPTMAP):   0
 ETA HESSIAN EVALUATION METHOD (ETADER):    0
 INITIAL ETA FOR MAP ESTIMATION (MCETA):    0
 SIGDIGITS FOR MAP ESTIMATION (SIGLO):      100
 GRADIENT SIGDIGITS OF
       FIXED EFFECTS PARAMETERS (SIGL):     100
 NOPRIOR SETTING (NOPRIOR):                 0
 NOCOV SETTING (NOCOV):                     OFF
 DERCONT SETTING (DERCONT):                 OFF
 FINAL ETA RE-EVALUATION (FNLETA):          1
 EXCLUDE NON-INFLUENTIAL (NON-INFL.) ETAS
       IN SHRINKAGE (ETASTYPE):             NO
 NON-INFL. ETA CORRECTION (NONINFETA):      0
 RAW OUTPUT FILE (FILE): run003b1.ext
 EXCLUDE TITLE (NOTITLE):                   NO
 EXCLUDE COLUMN LABELS (NOLABEL):           NO
 FORMAT FOR ADDITIONAL FILES (FORMAT):      S1PE12.5
 PARAMETER ORDER FOR OUTPUTS (ORDER):       TSOL
 KNUTHSUMOFF:                               0
 INCLUDE LNTWOPI:                           NO
 INCLUDE CONSTANT TERM TO PRIOR (PRIORC):   NO
 INCLUDE CONSTANT TERM TO OMEGA (ETA) (OLNTWOPI):NO
 ADDITIONAL CONVERGENCE TEST (CTYPE=4)?:    NO
 EM OR BAYESIAN METHOD USED:                 NONE


 THE FOLLOWING LABELS ARE EQUIVALENT
 PRED=PREDI
 RES=RESI
 WRES=WRESI
 IWRS=IWRESI
 IPRD=IPREDI
 IRS=IRESI

 MONITORING OF SEARCH:


0ITERATION NO.:    0    OBJECTIVE VALUE:   192.041234258875        NO. OF FUNC. EVALS.:   8
 CUMULATIVE NO. OF FUNC. EVALS.:        8
 NPARAMETR:  1.7686E+00  5.0000E+00  3.4803E+01  9.3921E-01  1.0300E-01  9.0000E-05  1.0900E-01  9.9000E-02  3.4650E-02  6.0200E-03

 PARAMETER:  1.0000E-01  1.0000E-01  1.0000E-01  1.0000E-01  1.0000E-01  1.0000E-01  1.0000E-01  1.0000E-01  1.0000E-01  1.0000E-01

 GRADIENT:   3.7569E+02  4.4625E+02 -3.5443E+01 -5.0486E+01 -4.7560E+02 -9.1187E-02 -1.1672E+01 -1.2830E+01 -1.1339E+02 -1.6964E+01


0ITERATION NO.:    5    OBJECTIVE VALUE:  -89.2192798646860        NO. OF FUNC. EVALS.:  47
 CUMULATIVE NO. OF FUNC. EVALS.:       55
 NPARAMETR:  9.4451E-01  1.8217E+00  3.9481E+01  1.4582E+00  9.4178E-02  8.9890E-05  1.5651E-01  1.3456E-01  3.6449E-02  6.4394E-03

 PARAMETER: -5.2729E-01 -1.1251E+00  2.2613E-01  5.3994E-01  5.5230E-02  1.0445E-01  2.8088E-01  2.5344E-01  1.2531E-01  1.3367E-01

 GRADIENT:  -3.4413E+00  1.5717E+01 -2.3012E+01  3.4284E+01 -1.7409E+01 -8.3649E-02  3.0502E+00 -3.7303E+00 -1.6760E+01 -1.8065E+00


0ITERATION NO.:   10    OBJECTIVE VALUE:  -94.8012037609398        NO. OF FUNC. EVALS.:  49
 CUMULATIVE NO. OF FUNC. EVALS.:      104
 NPARAMETR:  1.0505E+00  1.5615E+00  4.1427E+01  1.2371E+00  8.8213E-02  2.2570E-04  1.3944E-01  1.1366E-01  3.8376E-02  5.9637E-03

 PARAMETER: -4.2095E-01 -1.3444E+00  2.7423E-01  3.7551E-01  2.2515E-02  2.7098E-01  2.2315E-01  1.6905E-01  1.5107E-01  9.5300E-02

 GRADIENT:   8.5873E+00  1.3485E+01  4.7172E+00 -4.6363E+00 -1.6353E+01 -1.1834E-01 -3.2130E-01 -2.2477E+00 -5.1908E+00 -8.1178E-01


0ITERATION NO.:   15    OBJECTIVE VALUE:  -103.762063002698        NO. OF FUNC. EVALS.:  47
 CUMULATIVE NO. OF FUNC. EVALS.:      151
 NPARAMETR:  1.1918E+00  5.9354E-01  4.0607E+01  1.2442E+00  1.2461E-01  7.0424E-03  1.3389E-01  1.0585E-01  3.6350E-02  9.1259E-03

 PARAMETER: -2.9477E-01 -3.7734E+00  2.5422E-01  3.8117E-01  1.9523E-01  7.1141E+00  2.0136E-01  1.3344E-01  1.2396E-01  3.0801E-01

 GRADIENT:   3.7628E+00  3.5437E-01 -1.2939E+00  1.6299E+00 -6.0159E-01 -1.2520E-01  9.7757E-01 -1.9611E+00 -1.1698E+00  5.9334E-01


0ITERATION NO.:   20    OBJECTIVE VALUE:  -108.881699090121        NO. OF FUNC. EVALS.:  51
 CUMULATIVE NO. OF FUNC. EVALS.:      202
 NPARAMETR:  1.2439E+00  5.4500E-01  4.0265E+01  1.2174E+00  1.2262E-01  7.2433E-02  1.2365E-01  1.2409E-01  3.7384E-02  5.9586E-03

 PARAMETER: -2.5193E-01 -2.3303E+01  2.4577E-01  3.5945E-01  1.8716E-01  7.3764E+01 -4.9298E-02  2.1293E-01  1.3798E-01  9.4872E-02

 GRADIENT:  -1.7260E+00  0.0000E+00  1.5414E+00 -2.1749E-01 -8.7514E-02  3.0965E-04 -4.6454E-01  1.5609E-02  2.1118E-01  3.9049E-03


0ITERATION NO.:   25    OBJECTIVE VALUE:  -108.888471775880        NO. OF FUNC. EVALS.:  65
 CUMULATIVE NO. OF FUNC. EVALS.:      267
 NPARAMETR:  1.2495E+00  5.4500E-01  4.0234E+01  1.2170E+00  1.2322E-01  7.2194E-02  1.2472E-01  1.2387E-01  3.7332E-02  5.8988E-03

 PARAMETER: -2.4746E-01 -2.3184E+01  2.4501E-01  3.5907E-01  1.8962E-01  7.3339E+01 -3.9721E-02  2.1205E-01  1.3728E-01  8.9828E-02

 GRADIENT:  -1.0969E-01  0.0000E+00 -4.0183E-01 -9.4666E-02 -1.2874E-02  1.6262E-04  3.1799E-02 -4.3507E-03 -5.9951E-02 -4.1917E-03


0ITERATION NO.:   27    OBJECTIVE VALUE:  -108.888787540528        NO. OF FUNC. EVALS.:  30
 CUMULATIVE NO. OF FUNC. EVALS.:      297
 NPARAMETR:  1.2503E+00  5.4500E-01  4.0281E+01  1.2177E+00  1.2327E-01  7.2180E-02  1.2460E-01  1.2388E-01  3.7351E-02  5.8942E-03

 PARAMETER: -2.4683E-01 -2.3176E+01  2.4618E-01  3.5964E-01  1.8981E-01  7.3311E+01 -4.0248E-02  2.1210E-01  1.3754E-01  8.9439E-02

 GRADIENT:  -3.6410E-03  0.0000E+00  3.9785E-03 -4.1624E-03 -1.5509E-03 -3.5406E-06 -1.4343E-04 -1.5362E-04  6.6617E-04  1.7483E-04


 #TERM:
0MINIMIZATION SUCCESSFUL
 NO. OF FUNCTION EVALUATIONS USED:      297
 NO. OF SIG. DIGITS IN FINAL EST.:  3.2
0PARAMETER ESTIMATE IS NEAR ITS BOUNDARY
 THIS MUST BE ADDRESSED BEFORE THE COVARIANCE STEP CAN BE IMPLEMENTED

 ETABAR IS THE ARITHMETIC MEAN OF THE ETA-ESTIMATES,
 AND THE P-VALUE IS GIVEN FOR THE NULL HYPOTHESIS THAT THE TRUE MEAN IS 0.

 ETABAR:         1.6297E-02 -1.0824E-02 -1.8644E-02
 SE:             5.5262E-02  6.1435E-02  4.8484E-02
 N:                      30          30          30

 P VAL.:         7.6806E-01  8.6014E-01  7.0058E-01

 ETASHRINKSD(%)  1.3664E+01  4.6251E+00  2.4365E+01
 ETASHRINKVR(%)  2.5461E+01  9.0362E+00  4.2793E+01
 EBVSHRINKSD(%)  1.4333E+01  4.7358E+00  2.3653E+01
 EBVSHRINKVR(%)  2.6611E+01  9.2474E+00  4.1712E+01
 RELATIVEINF(%)  4.8861E+01  6.9581E+01  5.2094E+01
 EPSSHRINKSD(%)  1.4506E+01  1.4506E+01
 EPSSHRINKVR(%)  2.6908E+01  2.6908E+01

  
 TOTAL DATA POINTS NORMALLY DISTRIBUTED (N):          210
 N*LOG(2PI) CONSTANT TO OBJECTIVE FUNCTION:    385.95418394596254     
 OBJECTIVE FUNCTION VALUE WITHOUT CONSTANT:   -108.88878754052826     
 OBJECTIVE FUNCTION VALUE WITH CONSTANT:       277.06539640543429     
 REPORTED OBJECTIVE FUNCTION DOES NOT CONTAIN CONSTANT
  
 TOTAL EFFECTIVE ETAS (NIND*NETA):                            90
  
 #TERE:
 Elapsed estimation  time in seconds:     0.39
 Elapsed postprocess time in seconds:     0.04
1
 
 
 
 
 
 
 
 
 
 
 
 
 
 
 
 
 
 
 
 
 ************************************************************************************************************************
 ********************                                                                                ********************
 ********************               FIRST ORDER CONDITIONAL ESTIMATION WITH INTERACTION              ********************
 #OBJT:**************                       MINIMUM VALUE OF OBJECTIVE FUNCTION                      ********************
 ********************                                                                                ********************
 ************************************************************************************************************************
 





 #OBJV:********************************************          -108.889       *********************************************
1
 ************************************************************************************************************************
 ********************                                                                                ********************
 ********************               FIRST ORDER CONDITIONAL ESTIMATION WITH INTERACTION              ********************
 ********************                             FINAL PARAMETER ESTIMATE                           ********************
 ********************                                                                                ********************
 ************************************************************************************************************************
 


 THETA - VECTOR OF FIXED EFFECTS PARAMETERS   *********


         TH 1      TH 2      TH 3      TH 4     
 
         1.25E+00  5.45E-01  4.03E+01  1.22E+00
 


 OMEGA - COV MATRIX FOR RANDOM EFFECTS - ETAS  ********


         ETA1      ETA2      ETA3     
 
 ETA1
+        1.23E-01
 
 ETA2
+        7.22E-02  1.25E-01
 
 ETA3
+        0.00E+00  0.00E+00  1.24E-01
 


 SIGMA - COV MATRIX FOR RANDOM EFFECTS - EPSILONS  ****


         EPS1      EPS2     
 
 EPS1
+        3.74E-02
 
 EPS2
+        0.00E+00  5.89E-03
 
1


 OMEGA - CORR MATRIX FOR RANDOM EFFECTS - ETAS  *******


         ETA1      ETA2      ETA3     
 
 ETA1
+        3.51E-01
 
 ETA2
+        5.82E-01  3.53E-01
 
 ETA3
+        0.00E+00  0.00E+00  3.52E-01
 


 SIGMA - CORR MATRIX FOR RANDOM EFFECTS - EPSILONS  ***


         EPS1      EPS2     
 
 EPS1
+        1.93E-01
 
 EPS2
+        0.00E+00  7.68E-02
 
 Elapsed finaloutput time in seconds:     0.01
 #CPUT: Total CPU Time in Seconds,        0.438
Stop Time:
Tue Jan 13 19:53:09 UTC 2026
